Performing C++ SOURCE FILE Test CMAKE_HAVE_LIBC_PTHREAD failed with the following output:
Change Dir: D:/папки/09-03-01/Эльбрус/cpp/build-LR4-Desktop_Qt_6_4_2_MinGW_64_bit-Debug/CMakeFiles/CMakeTmp

Run Build Command(s):D:/Programs/Qt/Tools/Ninja/ninja.exe cmTC_7239d && ninja: error: 'D:/╨┐╨░╨┐╨║╨╕/09-03-01/╨н╨╗╤М╨▒╤А╤Г╤Б/cpp/build-LR4-Desktop_Qt_6_4_2_MinGW_64_bit-Debug/CMakeFiles/CMakeTmp/src.cxx', needed by 'CMakeFiles/cmTC_7239d.dir/src.cxx.obj', missing and no known rule to make it


Source file was:
#include <pthread.h>

static void* test_func(void* data)
{
  return data;
}

int main(void)
{
  pthread_t thread;
  pthread_create(&thread, NULL, test_func, NULL);
  pthread_detach(thread);
  pthread_cancel(thread);
  pthread_join(thread, NULL);
  pthread_atfork(NULL, NULL, NULL);
  pthread_exit(NULL);

  return 0;
}

Determining if the function pthread_create exists in the pthreads failed with the following output:
Change Dir: D:/папки/09-03-01/Эльбрус/cpp/build-LR4-Desktop_Qt_6_4_2_MinGW_64_bit-Debug/CMakeFiles/CMakeTmp

Run Build Command(s):D:/Programs/Qt/Tools/Ninja/ninja.exe cmTC_c37d3 && ninja: error: 'D:/╨┐╨░╨┐╨║╨╕/09-03-01/╨н╨╗╤М╨▒╤А╤Г╤Б/cpp/build-LR4-Desktop_Qt_6_4_2_MinGW_64_bit-Debug/CMakeFiles/CheckLibraryExists/CheckFunctionExists.cxx', needed by 'CMakeFiles/cmTC_c37d3.dir/CheckFunctionExists.cxx.obj', missing and no known rule to make it



Determining if the function pthread_create exists in the pthread failed with the following output:
Change Dir: D:/папки/09-03-01/Эльбрус/cpp/build-LR4-Desktop_Qt_6_4_2_MinGW_64_bit-Debug/CMakeFiles/CMakeTmp

Run Build Command(s):D:/Programs/Qt/Tools/Ninja/ninja.exe cmTC_c3818 && ninja: error: 'D:/╨┐╨░╨┐╨║╨╕/09-03-01/╨н╨╗╤М╨▒╤А╤Г╤Б/cpp/build-LR4-Desktop_Qt_6_4_2_MinGW_64_bit-Debug/CMakeFiles/CheckLibraryExists/CheckFunctionExists.cxx', needed by 'CMakeFiles/cmTC_c3818.dir/CheckFunctionExists.cxx.obj', missing and no known rule to make it



Performing C++ SOURCE FILE Test HAVE_STDATOMIC failed with the following output:
Change Dir: D:/папки/09-03-01/Эльбрус/cpp/build-LR4-Desktop_Qt_6_4_2_MinGW_64_bit-Debug/CMakeFiles/CMakeTmp

Run Build Command(s):D:/Programs/Qt/Tools/Ninja/ninja.exe cmTC_1c072 && ninja: error: 'D:/╨┐╨░╨┐╨║╨╕/09-03-01/╨н╨╗╤М╨▒╤А╤Г╤Б/cpp/build-LR4-Desktop_Qt_6_4_2_MinGW_64_bit-Debug/CMakeFiles/CMakeTmp/src.cxx', needed by 'CMakeFiles/cmTC_1c072.dir/src.cxx.obj', missing and no known rule to make it


Source file was:
#include <atomic>
#include <cstdint>

int main(int, char **)
{
    volatile std::atomic<char>    size_1;
    volatile std::atomic<short>   size_2;
    volatile std::atomic<int>     size_4;
    volatile std::atomic<int64_t> size_8;

    ++size_1;
    ++size_2;
    ++size_4;
    ++size_8;

    (void)size_1.load(std::memory_order_relaxed);
    (void)size_2.load(std::memory_order_relaxed);
    (void)size_4.load(std::memory_order_relaxed);
    (void)size_8.load(std::memory_order_relaxed);

    return 0;
}
Performing C++ SOURCE FILE Test HAVE_STDATOMIC_WITH_LIB failed with the following output:
Change Dir: D:/папки/09-03-01/Эльбрус/cpp/build-LR4-Desktop_Qt_6_4_2_MinGW_64_bit-Debug/CMakeFiles/CMakeTmp

Run Build Command(s):D:/Programs/Qt/Tools/Ninja/ninja.exe cmTC_7efc8 && ninja: error: 'D:/╨┐╨░╨┐╨║╨╕/09-03-01/╨н╨╗╤М╨▒╤А╤Г╤Б/cpp/build-LR4-Desktop_Qt_6_4_2_MinGW_64_bit-Debug/CMakeFiles/CMakeTmp/src.cxx', needed by 'CMakeFiles/cmTC_7efc8.dir/src.cxx.obj', missing and no known rule to make it


Source file was:
#include <atomic>
#include <cstdint>

int main(int, char **)
{
    volatile std::atomic<char>    size_1;
    volatile std::atomic<short>   size_2;
    volatile std::atomic<int>     size_4;
    volatile std::atomic<int64_t> size_8;

    ++size_1;
    ++size_2;
    ++size_4;
    ++size_8;

    (void)size_1.load(std::memory_order_relaxed);
    (void)size_2.load(std::memory_order_relaxed);
    (void)size_4.load(std::memory_order_relaxed);
    (void)size_8.load(std::memory_order_relaxed);

    return 0;
}
